d:\asmbook 7\project32_vs2017\debug\project.ilk
d:\asmbook 7\project32_vs2017\debug\project.exe
d:\asmbook 7\project32_vs2017\debug\project.pdb
d:\asm book 8\examples\project32_vs2019\debug\project.ilk
d:\asm book 8\examples\project32_vs2019\debug\project.exe
d:\asm book 8\examples\project32_vs2019\debug\project.pdb
d:\asm book 8\examples\project32_vs2019\debug\addtwo.obj
d:\asmbook 7\project32_vs2017\debug\addtwo.obj
d:\asmbook 7\project32_vs2017\debug\structexample.obj
d:\asmbook 8\examples\project32_vs2019\debug\addtwo.obj
d:\asmbook 8\examples\project32_vs2019\debug\addtwosum.obj
d:\asmbook 8\examples\project32_vs2019\debug\msgbox.obj
d:\asmbook 8\examples\project32_vs2019\debug\msgboxask.obj
d:\asmbook 8\examples\project32_vs2019\debug\structexample.obj
d:\asmbook 8\examples\project32_vs2019\debug\test.obj
d:\asmbook 8\examples\project32_vs2019\debug\project.ilk
d:\asmbook 8\examples\project32_vs2019\debug\project.pdb
d:\asmbook 8\examples\project32_vs2019\debug\project.exe
d:\asmbook 8\examples\project32_vs2019\debug\project.tlog\link.command.1.tlog
d:\asmbook 8\examples\project32_vs2019\debug\project.tlog\link.delete.1.tlog
d:\asmbook 8\examples\project32_vs2019\debug\project.tlog\link.read.1.tlog
d:\asmbook 8\examples\project32_vs2019\debug\project.tlog\link.write.1.tlog
d:\asmbook 8\examples\project32_vs2019\debug\project.tlog\masm.read.1u.tlog
d:\asmbook 8\examples\project32_vs2019\debug\project.tlog\masm.write.1u.tlog
d:\asmbook 8\examples\project32_vs2019\debug\project.tlog\project.write.1u.tlog
