Microsoft (R) Macro Assembler Version 14.10.25019.0	    09/26/18 11:19:56
test.asm						     Page 1 - 1


				; Test.asm

				.386
				.model flat,stdcall
				.stack 4096
				ExitProcess proto,dwExitCode:dword
 00000000			.data
 00000000 FF9B			wordVal SWORD -101			; FF9Bh

 00000000			.code
 00000000			main proc
 00000000  66| BA 0000			mov	dx, 0
 00000004  66| A1			mov 	ax, wordVal			; DX:AX = 0000FF9Bh (+65, 435)
	   00000000 R
 0000000A  66| 99			cwd
 0000000C  66| BB 0002			mov 	bx, 2				; BX is the divisor
 00000010  66| F7 FB			idiv	bx					; divide DX : AX by BX (signed operation)

					invoke ExitProcess,0
 00000013  6A 00	   *	    push   +000000000h
 00000015  E8 00000000 E   *	    call   ExitProcess
 0000001A			main endp
				end main
Microsoft (R) Macro Assembler Version 14.10.25019.0	    09/26/18 11:19:56
test.asm						     Symbols 2 - 1




Segments and Groups:

                N a m e                 Size     Length   Align   Combine Class

FLAT . . . . . . . . . . . . . .	GROUP
STACK  . . . . . . . . . . . . .	32 Bit	 00001000 DWord	  Stack	  'STACK'	 
_DATA  . . . . . . . . . . . . .	32 Bit	 00000002 DWord	  Public  'DATA'	
_TEXT  . . . . . . . . . . . . .	32 Bit	 0000001A DWord	  Public  'CODE'	


Procedures, parameters, and locals:

                N a m e                 Type     Value    Attr

ExitProcess  . . . . . . . . . .	P Near	 00000000 FLAT	Length= 00000000 External STDCALL
main . . . . . . . . . . . . . .	P Near	 00000000 _TEXT	Length= 0000001A Public STDCALL


Symbols:

                N a m e                 Type     Value    Attr

@CodeSize  . . . . . . . . . . .	Number	 00000000h   
@DataSize  . . . . . . . . . . .	Number	 00000000h   
@Interface . . . . . . . . . . .	Number	 00000003h   
@Model . . . . . . . . . . . . .	Number	 00000007h   
@code  . . . . . . . . . . . . .	Text   	 _TEXT
@data  . . . . . . . . . . . . .	Text   	 FLAT
@fardata?  . . . . . . . . . . .	Text   	 FLAT
@fardata . . . . . . . . . . . .	Text   	 FLAT
@stack . . . . . . . . . . . . .	Text   	 FLAT
wordVal  . . . . . . . . . . . .	Word	 00000000 _DATA	

	   0 Warnings
	   0 Errors
